2019-05-09 20:07:32.323 DEBUG LineaApuestaDAOImpl.findByApuesta:239 - Id = 13
2019-05-09 20:07:32.323 DEBUG LineaApuestaDAOImpl.findByApuesta:239 - Id = 13
2019-05-09 20:07:32.337 DEBUG LineaApuestaDAOImpl.findByApuesta:239 - Id = 14
2019-05-09 20:07:32.337 DEBUG LineaApuestaDAOImpl.findByApuesta:239 - Id = 14
2019-05-09 20:07:32.340 DEBUG LineaApuestaDAOImpl.findByApuesta:239 - Id = 15
2019-05-09 20:07:32.340 DEBUG LineaApuestaDAOImpl.findByApuesta:239 - Id = 15
2019-05-09 20:07:32.342 DEBUG LineaApuestaDAOImpl.findByApuesta:239 - Id = 16
2019-05-09 20:07:32.342 DEBUG LineaApuestaDAOImpl.findByApuesta:239 - Id = 16
2019-05-09 20:07:32.345 DEBUG LineaApuestaDAOImpl.findByApuesta:239 - Id = 17
2019-05-09 20:07:32.345 DEBUG LineaApuestaDAOImpl.findByApuesta:239 - Id = 17
2019-05-09 20:07:32.347 DEBUG LineaApuestaDAOImpl.findByApuesta:239 - Id = 18
2019-05-09 20:07:32.347 DEBUG LineaApuestaDAOImpl.findByApuesta:239 - Id = 18
2019-05-09 20:07:32.349 DEBUG LineaApuestaDAOImpl.findByApuesta:239 - Id = 19
2019-05-09 20:07:32.349 DEBUG LineaApuestaDAOImpl.findByApuesta:239 - Id = 19
2019-05-09 20:07:32.357 DEBUG LineaApuestaDAOImpl.findByApuesta:239 - Id = 20
2019-05-09 20:07:32.357 DEBUG LineaApuestaDAOImpl.findByApuesta:239 - Id = 20
2019-05-09 20:07:32.363 DEBUG LineaApuestaDAOImpl.findByApuesta:239 - Id = 21
2019-05-09 20:07:32.363 DEBUG LineaApuestaDAOImpl.findByApuesta:239 - Id = 21
2019-05-09 20:07:32.377 DEBUG ApuestaServiceImpl.comprobarApuesta:147 - ApuestaCriteria = com.pvv.pulbet.model.Apuesta@7b3c9009[idApuesta=13,importe=1.0,idUsuario=2,fecha=2019-05-08 21:33:26.0,ganancias=2.0,procesado=0,lineas=[com.pvv.pulbet.model.LineaApuesta@1d0df0d4[numLinea=1,idApuesta=13,idResultado=2,idEvento=6,procesado=0]]]
2019-05-09 20:07:32.377 DEBUG ApuestaServiceImpl.comprobarApuesta:147 - ApuestaCriteria = com.pvv.pulbet.model.Apuesta@7b3c9009[idApuesta=13,importe=1.0,idUsuario=2,fecha=2019-05-08 21:33:26.0,ganancias=2.0,procesado=0,lineas=[com.pvv.pulbet.model.LineaApuesta@1d0df0d4[numLinea=1,idApuesta=13,idResultado=2,idEvento=6,procesado=0]]]
2019-05-09 20:07:32.382 DEBUG LineaApuestaServiceImpl.comprobarLinea:39 - LineaApuesta = com.pvv.pulbet.model.LineaApuesta@1d0df0d4[numLinea=1,idApuesta=13,idResultado=2,idEvento=6,procesado=0]
2019-05-09 20:07:32.382 DEBUG LineaApuestaServiceImpl.comprobarLinea:39 - LineaApuesta = com.pvv.pulbet.model.LineaApuesta@1d0df0d4[numLinea=1,idApuesta=13,idResultado=2,idEvento=6,procesado=0]
2019-05-09 20:07:32.384 DEBUG EventoDAOImpl.findResultadoFinal:328 - Id = 6
2019-05-09 20:07:32.384 DEBUG EventoDAOImpl.findResultadoFinal:328 - Id = 6
2019-05-09 20:07:32.505 DEBUG LineaApuestaDAOImpl.update:108 - LineaApuesta = com.pvv.pulbet.model.LineaApuesta@1d0df0d4[numLinea=1,idApuesta=13,idResultado=2,idEvento=6,procesado=1]
2019-05-09 20:07:32.505 DEBUG LineaApuestaDAOImpl.update:108 - LineaApuesta = com.pvv.pulbet.model.LineaApuesta@1d0df0d4[numLinea=1,idApuesta=13,idResultado=2,idEvento=6,procesado=1]
2019-05-09 20:07:32.710 DEBUG ApuestaDAOImpl.updateEstado:541 - Apuesta = com.pvv.pulbet.model.Apuesta@7b3c9009[idApuesta=13,importe=1.0,idUsuario=2,fecha=2019-05-08 21:33:26.0,ganancias=2.0,procesado=1,lineas=[com.pvv.pulbet.model.LineaApuesta@1d0df0d4[numLinea=1,idApuesta=13,idResultado=2,idEvento=6,procesado=1]]] 
2019-05-09 20:07:32.710 DEBUG ApuestaDAOImpl.updateEstado:541 - Apuesta = com.pvv.pulbet.model.Apuesta@7b3c9009[idApuesta=13,importe=1.0,idUsuario=2,fecha=2019-05-08 21:33:26.0,ganancias=2.0,procesado=1,lineas=[com.pvv.pulbet.model.LineaApuesta@1d0df0d4[numLinea=1,idApuesta=13,idResultado=2,idEvento=6,procesado=1]]] 
2019-05-09 20:07:32.722 DEBUG UsuarioServiceImpl.findById:48 - Id = 2
2019-05-09 20:07:32.722 DEBUG UsuarioServiceImpl.findById:48 - Id = 2
2019-05-09 20:07:32.723 DEBUG UsuarioDAOImpl.findById:47 - Id = 2
2019-05-09 20:07:32.723 DEBUG UsuarioDAOImpl.findById:47 - Id = 2
2019-05-09 20:07:32.729 DEBUG DireccionDAOImpl.findByUsuario:31 - Id = 2
2019-05-09 20:07:32.729 DEBUG DireccionDAOImpl.findByUsuario:31 - Id = 2
2019-05-09 20:07:32.736 DEBUG UsuarioServiceImpl.update:168 - Usuario: id:2, nome:null, email:null, apelidos:null null, banco:11.0, dni:null, fecha:null, nomeUsuario:null, passwordtrue, direccionnull
2019-05-09 20:07:32.736 DEBUG UsuarioServiceImpl.update:168 - Usuario: id:2, nome:null, email:null, apelidos:null null, banco:11.0, dni:null, fecha:null, nomeUsuario:null, passwordtrue, direccionnull
2019-05-09 20:07:32.740 DEBUG UsuarioDAOImpl.update:285 - Usuario: id:2, nome:null, email:null, apelidos:null null, banco:11.0, dni:null, fecha:null, nomeUsuario:null, passwordtrue, direccionnull
2019-05-09 20:07:32.740 DEBUG UsuarioDAOImpl.update:285 - Usuario: id:2, nome:null, email:null, apelidos:null null, banco:11.0, dni:null, fecha:null, nomeUsuario:null, passwordtrue, direccionnull
2019-05-09 20:07:32.961 DEBUG MailServiceImpl.sendMail:19 - Enviando mensaje a pulbetsoporte@gmail.com
2019-05-09 20:07:32.961 DEBUG MailServiceImpl.sendMail:19 - Enviando mensaje a pulbetsoporte@gmail.com
2019-05-09 20:07:36.124 DEBUG ApuestaServiceImpl.comprobarApuesta:147 - ApuestaCriteria = com.pvv.pulbet.model.Apuesta@283eea31[idApuesta=14,importe=1.0,idUsuario=2,fecha=2019-05-08 21:33:30.0,ganancias=2.0,procesado=0,lineas=[com.pvv.pulbet.model.LineaApuesta@247c7cb1[numLinea=1,idApuesta=14,idResultado=2,idEvento=6,procesado=0]]]
2019-05-09 20:07:36.124 DEBUG ApuestaServiceImpl.comprobarApuesta:147 - ApuestaCriteria = com.pvv.pulbet.model.Apuesta@283eea31[idApuesta=14,importe=1.0,idUsuario=2,fecha=2019-05-08 21:33:30.0,ganancias=2.0,procesado=0,lineas=[com.pvv.pulbet.model.LineaApuesta@247c7cb1[numLinea=1,idApuesta=14,idResultado=2,idEvento=6,procesado=0]]]
2019-05-09 20:07:36.129 DEBUG LineaApuestaServiceImpl.comprobarLinea:39 - LineaApuesta = com.pvv.pulbet.model.LineaApuesta@247c7cb1[numLinea=1,idApuesta=14,idResultado=2,idEvento=6,procesado=0]
2019-05-09 20:07:36.129 DEBUG LineaApuestaServiceImpl.comprobarLinea:39 - LineaApuesta = com.pvv.pulbet.model.LineaApuesta@247c7cb1[numLinea=1,idApuesta=14,idResultado=2,idEvento=6,procesado=0]
2019-05-09 20:07:36.133 DEBUG EventoDAOImpl.findResultadoFinal:328 - Id = 6
2019-05-09 20:07:36.133 DEBUG EventoDAOImpl.findResultadoFinal:328 - Id = 6
2019-05-09 20:07:36.139 DEBUG LineaApuestaDAOImpl.update:108 - LineaApuesta = com.pvv.pulbet.model.LineaApuesta@247c7cb1[numLinea=1,idApuesta=14,idResultado=2,idEvento=6,procesado=1]
2019-05-09 20:07:36.139 DEBUG LineaApuestaDAOImpl.update:108 - LineaApuesta = com.pvv.pulbet.model.LineaApuesta@247c7cb1[numLinea=1,idApuesta=14,idResultado=2,idEvento=6,procesado=1]
2019-05-09 20:07:36.230 DEBUG ApuestaDAOImpl.updateEstado:541 - Apuesta = com.pvv.pulbet.model.Apuesta@283eea31[idApuesta=14,importe=1.0,idUsuario=2,fecha=2019-05-08 21:33:30.0,ganancias=2.0,procesado=1,lineas=[com.pvv.pulbet.model.LineaApuesta@247c7cb1[numLinea=1,idApuesta=14,idResultado=2,idEvento=6,procesado=1]]] 
2019-05-09 20:07:36.230 DEBUG ApuestaDAOImpl.updateEstado:541 - Apuesta = com.pvv.pulbet.model.Apuesta@283eea31[idApuesta=14,importe=1.0,idUsuario=2,fecha=2019-05-08 21:33:30.0,ganancias=2.0,procesado=1,lineas=[com.pvv.pulbet.model.LineaApuesta@247c7cb1[numLinea=1,idApuesta=14,idResultado=2,idEvento=6,procesado=1]]] 
2019-05-09 20:07:36.276 DEBUG UsuarioServiceImpl.findById:48 - Id = 2
2019-05-09 20:07:36.276 DEBUG UsuarioServiceImpl.findById:48 - Id = 2
2019-05-09 20:07:36.278 DEBUG UsuarioDAOImpl.findById:47 - Id = 2
2019-05-09 20:07:36.278 DEBUG UsuarioDAOImpl.findById:47 - Id = 2
2019-05-09 20:07:36.283 DEBUG DireccionDAOImpl.findByUsuario:31 - Id = 2
2019-05-09 20:07:36.283 DEBUG DireccionDAOImpl.findByUsuario:31 - Id = 2
2019-05-09 20:07:36.289 DEBUG UsuarioServiceImpl.update:168 - Usuario: id:2, nome:null, email:null, apelidos:null null, banco:13.0, dni:null, fecha:null, nomeUsuario:null, passwordtrue, direccionnull
2019-05-09 20:07:36.289 DEBUG UsuarioServiceImpl.update:168 - Usuario: id:2, nome:null, email:null, apelidos:null null, banco:13.0, dni:null, fecha:null, nomeUsuario:null, passwordtrue, direccionnull
2019-05-09 20:07:36.293 DEBUG UsuarioDAOImpl.update:285 - Usuario: id:2, nome:null, email:null, apelidos:null null, banco:13.0, dni:null, fecha:null, nomeUsuario:null, passwordtrue, direccionnull
2019-05-09 20:07:36.293 DEBUG UsuarioDAOImpl.update:285 - Usuario: id:2, nome:null, email:null, apelidos:null null, banco:13.0, dni:null, fecha:null, nomeUsuario:null, passwordtrue, direccionnull
2019-05-09 20:07:36.427 DEBUG MailServiceImpl.sendMail:19 - Enviando mensaje a pulbetsoporte@gmail.com
2019-05-09 20:07:36.427 DEBUG MailServiceImpl.sendMail:19 - Enviando mensaje a pulbetsoporte@gmail.com
2019-05-09 20:07:38.364 DEBUG ApuestaServiceImpl.comprobarApuesta:147 - ApuestaCriteria = com.pvv.pulbet.model.Apuesta@7b1418a6[idApuesta=15,importe=1.0,idUsuario=2,fecha=2019-05-08 21:33:32.0,ganancias=2.0,procesado=0,lineas=[com.pvv.pulbet.model.LineaApuesta@234be7e0[numLinea=1,idApuesta=15,idResultado=2,idEvento=6,procesado=0]]]
2019-05-09 20:07:38.364 DEBUG ApuestaServiceImpl.comprobarApuesta:147 - ApuestaCriteria = com.pvv.pulbet.model.Apuesta@7b1418a6[idApuesta=15,importe=1.0,idUsuario=2,fecha=2019-05-08 21:33:32.0,ganancias=2.0,procesado=0,lineas=[com.pvv.pulbet.model.LineaApuesta@234be7e0[numLinea=1,idApuesta=15,idResultado=2,idEvento=6,procesado=0]]]
2019-05-09 20:07:38.378 DEBUG LineaApuestaServiceImpl.comprobarLinea:39 - LineaApuesta = com.pvv.pulbet.model.LineaApuesta@234be7e0[numLinea=1,idApuesta=15,idResultado=2,idEvento=6,procesado=0]
2019-05-09 20:07:38.378 DEBUG LineaApuestaServiceImpl.comprobarLinea:39 - LineaApuesta = com.pvv.pulbet.model.LineaApuesta@234be7e0[numLinea=1,idApuesta=15,idResultado=2,idEvento=6,procesado=0]
2019-05-09 20:07:38.388 DEBUG EventoDAOImpl.findResultadoFinal:328 - Id = 6
2019-05-09 20:07:38.388 DEBUG EventoDAOImpl.findResultadoFinal:328 - Id = 6
2019-05-09 20:07:38.393 DEBUG LineaApuestaDAOImpl.update:108 - LineaApuesta = com.pvv.pulbet.model.LineaApuesta@234be7e0[numLinea=1,idApuesta=15,idResultado=2,idEvento=6,procesado=1]
2019-05-09 20:07:38.393 DEBUG LineaApuestaDAOImpl.update:108 - LineaApuesta = com.pvv.pulbet.model.LineaApuesta@234be7e0[numLinea=1,idApuesta=15,idResultado=2,idEvento=6,procesado=1]
2019-05-09 20:07:38.480 DEBUG ApuestaDAOImpl.updateEstado:541 - Apuesta = com.pvv.pulbet.model.Apuesta@7b1418a6[idApuesta=15,importe=1.0,idUsuario=2,fecha=2019-05-08 21:33:32.0,ganancias=2.0,procesado=1,lineas=[com.pvv.pulbet.model.LineaApuesta@234be7e0[numLinea=1,idApuesta=15,idResultado=2,idEvento=6,procesado=1]]] 
2019-05-09 20:07:38.480 DEBUG ApuestaDAOImpl.updateEstado:541 - Apuesta = com.pvv.pulbet.model.Apuesta@7b1418a6[idApuesta=15,importe=1.0,idUsuario=2,fecha=2019-05-08 21:33:32.0,ganancias=2.0,procesado=1,lineas=[com.pvv.pulbet.model.LineaApuesta@234be7e0[numLinea=1,idApuesta=15,idResultado=2,idEvento=6,procesado=1]]] 
2019-05-09 20:07:38.510 DEBUG UsuarioServiceImpl.findById:48 - Id = 2
2019-05-09 20:07:38.510 DEBUG UsuarioServiceImpl.findById:48 - Id = 2
2019-05-09 20:07:38.512 DEBUG UsuarioDAOImpl.findById:47 - Id = 2
2019-05-09 20:07:38.512 DEBUG UsuarioDAOImpl.findById:47 - Id = 2
2019-05-09 20:07:38.515 DEBUG DireccionDAOImpl.findByUsuario:31 - Id = 2
2019-05-09 20:07:38.515 DEBUG DireccionDAOImpl.findByUsuario:31 - Id = 2
2019-05-09 20:07:38.517 DEBUG UsuarioServiceImpl.update:168 - Usuario: id:2, nome:null, email:null, apelidos:null null, banco:15.0, dni:null, fecha:null, nomeUsuario:null, passwordtrue, direccionnull
2019-05-09 20:07:38.517 DEBUG UsuarioServiceImpl.update:168 - Usuario: id:2, nome:null, email:null, apelidos:null null, banco:15.0, dni:null, fecha:null, nomeUsuario:null, passwordtrue, direccionnull
2019-05-09 20:07:38.519 DEBUG UsuarioDAOImpl.update:285 - Usuario: id:2, nome:null, email:null, apelidos:null null, banco:15.0, dni:null, fecha:null, nomeUsuario:null, passwordtrue, direccionnull
2019-05-09 20:07:38.519 DEBUG UsuarioDAOImpl.update:285 - Usuario: id:2, nome:null, email:null, apelidos:null null, banco:15.0, dni:null, fecha:null, nomeUsuario:null, passwordtrue, direccionnull
2019-05-09 20:07:38.682 DEBUG MailServiceImpl.sendMail:19 - Enviando mensaje a pulbetsoporte@gmail.com
2019-05-09 20:07:38.682 DEBUG MailServiceImpl.sendMail:19 - Enviando mensaje a pulbetsoporte@gmail.com
2019-05-09 20:07:40.629 DEBUG ApuestaServiceImpl.comprobarApuesta:147 - ApuestaCriteria = com.pvv.pulbet.model.Apuesta@2b3b54c8[idApuesta=16,importe=1.0,idUsuario=2,fecha=2019-05-08 21:33:35.0,ganancias=2.0,procesado=0,lineas=[com.pvv.pulbet.model.LineaApuesta@4b353c71[numLinea=1,idApuesta=16,idResultado=2,idEvento=6,procesado=0]]]
2019-05-09 20:07:40.629 DEBUG ApuestaServiceImpl.comprobarApuesta:147 - ApuestaCriteria = com.pvv.pulbet.model.Apuesta@2b3b54c8[idApuesta=16,importe=1.0,idUsuario=2,fecha=2019-05-08 21:33:35.0,ganancias=2.0,procesado=0,lineas=[com.pvv.pulbet.model.LineaApuesta@4b353c71[numLinea=1,idApuesta=16,idResultado=2,idEvento=6,procesado=0]]]
2019-05-09 20:07:40.636 DEBUG LineaApuestaServiceImpl.comprobarLinea:39 - LineaApuesta = com.pvv.pulbet.model.LineaApuesta@4b353c71[numLinea=1,idApuesta=16,idResultado=2,idEvento=6,procesado=0]
2019-05-09 20:07:40.636 DEBUG LineaApuestaServiceImpl.comprobarLinea:39 - LineaApuesta = com.pvv.pulbet.model.LineaApuesta@4b353c71[numLinea=1,idApuesta=16,idResultado=2,idEvento=6,procesado=0]
2019-05-09 20:07:40.640 DEBUG EventoDAOImpl.findResultadoFinal:328 - Id = 6
2019-05-09 20:07:40.640 DEBUG EventoDAOImpl.findResultadoFinal:328 - Id = 6
2019-05-09 20:07:40.642 DEBUG LineaApuestaDAOImpl.update:108 - LineaApuesta = com.pvv.pulbet.model.LineaApuesta@4b353c71[numLinea=1,idApuesta=16,idResultado=2,idEvento=6,procesado=1]
2019-05-09 20:07:40.642 DEBUG LineaApuestaDAOImpl.update:108 - LineaApuesta = com.pvv.pulbet.model.LineaApuesta@4b353c71[numLinea=1,idApuesta=16,idResultado=2,idEvento=6,procesado=1]
2019-05-09 20:07:40.770 DEBUG ApuestaDAOImpl.updateEstado:541 - Apuesta = com.pvv.pulbet.model.Apuesta@2b3b54c8[idApuesta=16,importe=1.0,idUsuario=2,fecha=2019-05-08 21:33:35.0,ganancias=2.0,procesado=1,lineas=[com.pvv.pulbet.model.LineaApuesta@4b353c71[numLinea=1,idApuesta=16,idResultado=2,idEvento=6,procesado=1]]] 
2019-05-09 20:07:40.770 DEBUG ApuestaDAOImpl.updateEstado:541 - Apuesta = com.pvv.pulbet.model.Apuesta@2b3b54c8[idApuesta=16,importe=1.0,idUsuario=2,fecha=2019-05-08 21:33:35.0,ganancias=2.0,procesado=1,lineas=[com.pvv.pulbet.model.LineaApuesta@4b353c71[numLinea=1,idApuesta=16,idResultado=2,idEvento=6,procesado=1]]] 
2019-05-09 20:07:40.802 DEBUG UsuarioServiceImpl.findById:48 - Id = 2
2019-05-09 20:07:40.802 DEBUG UsuarioServiceImpl.findById:48 - Id = 2
2019-05-09 20:07:40.804 DEBUG UsuarioDAOImpl.findById:47 - Id = 2
2019-05-09 20:07:40.804 DEBUG UsuarioDAOImpl.findById:47 - Id = 2
2019-05-09 20:07:40.809 DEBUG DireccionDAOImpl.findByUsuario:31 - Id = 2
2019-05-09 20:07:40.809 DEBUG DireccionDAOImpl.findByUsuario:31 - Id = 2
2019-05-09 20:07:40.813 DEBUG UsuarioServiceImpl.update:168 - Usuario: id:2, nome:null, email:null, apelidos:null null, banco:17.0, dni:null, fecha:null, nomeUsuario:null, passwordtrue, direccionnull
2019-05-09 20:07:40.813 DEBUG UsuarioServiceImpl.update:168 - Usuario: id:2, nome:null, email:null, apelidos:null null, banco:17.0, dni:null, fecha:null, nomeUsuario:null, passwordtrue, direccionnull
2019-05-09 20:07:40.815 DEBUG UsuarioDAOImpl.update:285 - Usuario: id:2, nome:null, email:null, apelidos:null null, banco:17.0, dni:null, fecha:null, nomeUsuario:null, passwordtrue, direccionnull
2019-05-09 20:07:40.815 DEBUG UsuarioDAOImpl.update:285 - Usuario: id:2, nome:null, email:null, apelidos:null null, banco:17.0, dni:null, fecha:null, nomeUsuario:null, passwordtrue, direccionnull
2019-05-09 20:07:40.902 DEBUG MailServiceImpl.sendMail:19 - Enviando mensaje a pulbetsoporte@gmail.com
2019-05-09 20:07:40.902 DEBUG MailServiceImpl.sendMail:19 - Enviando mensaje a pulbetsoporte@gmail.com
2019-05-09 20:07:42.963 DEBUG ApuestaServiceImpl.comprobarApuesta:147 - ApuestaCriteria = com.pvv.pulbet.model.Apuesta@6994296c[idApuesta=17,importe=1.0,idUsuario=2,fecha=2019-05-08 21:33:37.0,ganancias=2.0,procesado=0,lineas=[com.pvv.pulbet.model.LineaApuesta@6be2a9e0[numLinea=1,idApuesta=17,idResultado=2,idEvento=6,procesado=0]]]
2019-05-09 20:07:42.963 DEBUG ApuestaServiceImpl.comprobarApuesta:147 - ApuestaCriteria = com.pvv.pulbet.model.Apuesta@6994296c[idApuesta=17,importe=1.0,idUsuario=2,fecha=2019-05-08 21:33:37.0,ganancias=2.0,procesado=0,lineas=[com.pvv.pulbet.model.LineaApuesta@6be2a9e0[numLinea=1,idApuesta=17,idResultado=2,idEvento=6,procesado=0]]]
2019-05-09 20:07:42.967 DEBUG LineaApuestaServiceImpl.comprobarLinea:39 - LineaApuesta = com.pvv.pulbet.model.LineaApuesta@6be2a9e0[numLinea=1,idApuesta=17,idResultado=2,idEvento=6,procesado=0]
2019-05-09 20:07:42.967 DEBUG LineaApuestaServiceImpl.comprobarLinea:39 - LineaApuesta = com.pvv.pulbet.model.LineaApuesta@6be2a9e0[numLinea=1,idApuesta=17,idResultado=2,idEvento=6,procesado=0]
2019-05-09 20:07:42.970 DEBUG EventoDAOImpl.findResultadoFinal:328 - Id = 6
2019-05-09 20:07:42.970 DEBUG EventoDAOImpl.findResultadoFinal:328 - Id = 6
2019-05-09 20:07:42.974 DEBUG LineaApuestaDAOImpl.update:108 - LineaApuesta = com.pvv.pulbet.model.LineaApuesta@6be2a9e0[numLinea=1,idApuesta=17,idResultado=2,idEvento=6,procesado=1]
2019-05-09 20:07:42.974 DEBUG LineaApuestaDAOImpl.update:108 - LineaApuesta = com.pvv.pulbet.model.LineaApuesta@6be2a9e0[numLinea=1,idApuesta=17,idResultado=2,idEvento=6,procesado=1]
2019-05-09 20:07:43.099 DEBUG ApuestaDAOImpl.updateEstado:541 - Apuesta = com.pvv.pulbet.model.Apuesta@6994296c[idApuesta=17,importe=1.0,idUsuario=2,fecha=2019-05-08 21:33:37.0,ganancias=2.0,procesado=1,lineas=[com.pvv.pulbet.model.LineaApuesta@6be2a9e0[numLinea=1,idApuesta=17,idResultado=2,idEvento=6,procesado=1]]] 
2019-05-09 20:07:43.099 DEBUG ApuestaDAOImpl.updateEstado:541 - Apuesta = com.pvv.pulbet.model.Apuesta@6994296c[idApuesta=17,importe=1.0,idUsuario=2,fecha=2019-05-08 21:33:37.0,ganancias=2.0,procesado=1,lineas=[com.pvv.pulbet.model.LineaApuesta@6be2a9e0[numLinea=1,idApuesta=17,idResultado=2,idEvento=6,procesado=1]]] 
2019-05-09 20:07:43.136 DEBUG UsuarioServiceImpl.findById:48 - Id = 2
2019-05-09 20:07:43.136 DEBUG UsuarioServiceImpl.findById:48 - Id = 2
2019-05-09 20:07:43.138 DEBUG UsuarioDAOImpl.findById:47 - Id = 2
2019-05-09 20:07:43.138 DEBUG UsuarioDAOImpl.findById:47 - Id = 2
2019-05-09 20:07:43.143 DEBUG DireccionDAOImpl.findByUsuario:31 - Id = 2
2019-05-09 20:07:43.143 DEBUG DireccionDAOImpl.findByUsuario:31 - Id = 2
2019-05-09 20:07:43.147 DEBUG UsuarioServiceImpl.update:168 - Usuario: id:2, nome:null, email:null, apelidos:null null, banco:19.0, dni:null, fecha:null, nomeUsuario:null, passwordtrue, direccionnull
2019-05-09 20:07:43.147 DEBUG UsuarioServiceImpl.update:168 - Usuario: id:2, nome:null, email:null, apelidos:null null, banco:19.0, dni:null, fecha:null, nomeUsuario:null, passwordtrue, direccionnull
2019-05-09 20:07:43.149 DEBUG UsuarioDAOImpl.update:285 - Usuario: id:2, nome:null, email:null, apelidos:null null, banco:19.0, dni:null, fecha:null, nomeUsuario:null, passwordtrue, direccionnull
2019-05-09 20:07:43.149 DEBUG UsuarioDAOImpl.update:285 - Usuario: id:2, nome:null, email:null, apelidos:null null, banco:19.0, dni:null, fecha:null, nomeUsuario:null, passwordtrue, direccionnull
2019-05-09 20:07:43.209 DEBUG MailServiceImpl.sendMail:19 - Enviando mensaje a pulbetsoporte@gmail.com
2019-05-09 20:07:43.209 DEBUG MailServiceImpl.sendMail:19 - Enviando mensaje a pulbetsoporte@gmail.com
2019-05-09 20:07:45.113 DEBUG ApuestaServiceImpl.comprobarApuesta:147 - ApuestaCriteria = com.pvv.pulbet.model.Apuesta@5baafb44[idApuesta=18,importe=1.0,idUsuario=2,fecha=2019-05-08 21:33:39.0,ganancias=2.0,procesado=0,lineas=[com.pvv.pulbet.model.LineaApuesta@56efd095[numLinea=1,idApuesta=18,idResultado=2,idEvento=6,procesado=0]]]
2019-05-09 20:07:45.113 DEBUG ApuestaServiceImpl.comprobarApuesta:147 - ApuestaCriteria = com.pvv.pulbet.model.Apuesta@5baafb44[idApuesta=18,importe=1.0,idUsuario=2,fecha=2019-05-08 21:33:39.0,ganancias=2.0,procesado=0,lineas=[com.pvv.pulbet.model.LineaApuesta@56efd095[numLinea=1,idApuesta=18,idResultado=2,idEvento=6,procesado=0]]]
2019-05-09 20:07:45.116 DEBUG LineaApuestaServiceImpl.comprobarLinea:39 - LineaApuesta = com.pvv.pulbet.model.LineaApuesta@56efd095[numLinea=1,idApuesta=18,idResultado=2,idEvento=6,procesado=0]
2019-05-09 20:07:45.116 DEBUG LineaApuestaServiceImpl.comprobarLinea:39 - LineaApuesta = com.pvv.pulbet.model.LineaApuesta@56efd095[numLinea=1,idApuesta=18,idResultado=2,idEvento=6,procesado=0]
2019-05-09 20:07:45.119 DEBUG EventoDAOImpl.findResultadoFinal:328 - Id = 6
2019-05-09 20:07:45.119 DEBUG EventoDAOImpl.findResultadoFinal:328 - Id = 6
2019-05-09 20:07:45.122 DEBUG LineaApuestaDAOImpl.update:108 - LineaApuesta = com.pvv.pulbet.model.LineaApuesta@56efd095[numLinea=1,idApuesta=18,idResultado=2,idEvento=6,procesado=1]
2019-05-09 20:07:45.122 DEBUG LineaApuestaDAOImpl.update:108 - LineaApuesta = com.pvv.pulbet.model.LineaApuesta@56efd095[numLinea=1,idApuesta=18,idResultado=2,idEvento=6,procesado=1]
2019-05-09 20:07:45.249 DEBUG ApuestaDAOImpl.updateEstado:541 - Apuesta = com.pvv.pulbet.model.Apuesta@5baafb44[idApuesta=18,importe=1.0,idUsuario=2,fecha=2019-05-08 21:33:39.0,ganancias=2.0,procesado=1,lineas=[com.pvv.pulbet.model.LineaApuesta@56efd095[numLinea=1,idApuesta=18,idResultado=2,idEvento=6,procesado=1]]] 
2019-05-09 20:07:45.249 DEBUG ApuestaDAOImpl.updateEstado:541 - Apuesta = com.pvv.pulbet.model.Apuesta@5baafb44[idApuesta=18,importe=1.0,idUsuario=2,fecha=2019-05-08 21:33:39.0,ganancias=2.0,procesado=1,lineas=[com.pvv.pulbet.model.LineaApuesta@56efd095[numLinea=1,idApuesta=18,idResultado=2,idEvento=6,procesado=1]]] 
2019-05-09 20:07:45.284 DEBUG UsuarioServiceImpl.findById:48 - Id = 2
2019-05-09 20:07:45.284 DEBUG UsuarioServiceImpl.findById:48 - Id = 2
2019-05-09 20:07:45.289 DEBUG UsuarioDAOImpl.findById:47 - Id = 2
2019-05-09 20:07:45.289 DEBUG UsuarioDAOImpl.findById:47 - Id = 2
2019-05-09 20:07:45.292 DEBUG DireccionDAOImpl.findByUsuario:31 - Id = 2
2019-05-09 20:07:45.292 DEBUG DireccionDAOImpl.findByUsuario:31 - Id = 2
2019-05-09 20:07:45.294 DEBUG UsuarioServiceImpl.update:168 - Usuario: id:2, nome:null, email:null, apelidos:null null, banco:21.0, dni:null, fecha:null, nomeUsuario:null, passwordtrue, direccionnull
2019-05-09 20:07:45.294 DEBUG UsuarioServiceImpl.update:168 - Usuario: id:2, nome:null, email:null, apelidos:null null, banco:21.0, dni:null, fecha:null, nomeUsuario:null, passwordtrue, direccionnull
2019-05-09 20:07:45.295 DEBUG UsuarioDAOImpl.update:285 - Usuario: id:2, nome:null, email:null, apelidos:null null, banco:21.0, dni:null, fecha:null, nomeUsuario:null, passwordtrue, direccionnull
2019-05-09 20:07:45.295 DEBUG UsuarioDAOImpl.update:285 - Usuario: id:2, nome:null, email:null, apelidos:null null, banco:21.0, dni:null, fecha:null, nomeUsuario:null, passwordtrue, direccionnull
2019-05-09 20:07:45.427 DEBUG MailServiceImpl.sendMail:19 - Enviando mensaje a pulbetsoporte@gmail.com
2019-05-09 20:07:45.427 DEBUG MailServiceImpl.sendMail:19 - Enviando mensaje a pulbetsoporte@gmail.com
2019-05-09 20:07:47.425 DEBUG ApuestaServiceImpl.comprobarApuesta:147 - ApuestaCriteria = com.pvv.pulbet.model.Apuesta@39758d6[idApuesta=19,importe=1.0,idUsuario=2,fecha=2019-05-08 21:33:41.0,ganancias=2.0,procesado=0,lineas=[com.pvv.pulbet.model.LineaApuesta@1eb3d403[numLinea=1,idApuesta=19,idResultado=2,idEvento=6,procesado=0]]]
2019-05-09 20:07:47.425 DEBUG ApuestaServiceImpl.comprobarApuesta:147 - ApuestaCriteria = com.pvv.pulbet.model.Apuesta@39758d6[idApuesta=19,importe=1.0,idUsuario=2,fecha=2019-05-08 21:33:41.0,ganancias=2.0,procesado=0,lineas=[com.pvv.pulbet.model.LineaApuesta@1eb3d403[numLinea=1,idApuesta=19,idResultado=2,idEvento=6,procesado=0]]]
2019-05-09 20:07:47.429 DEBUG LineaApuestaServiceImpl.comprobarLinea:39 - LineaApuesta = com.pvv.pulbet.model.LineaApuesta@1eb3d403[numLinea=1,idApuesta=19,idResultado=2,idEvento=6,procesado=0]
2019-05-09 20:07:47.429 DEBUG LineaApuestaServiceImpl.comprobarLinea:39 - LineaApuesta = com.pvv.pulbet.model.LineaApuesta@1eb3d403[numLinea=1,idApuesta=19,idResultado=2,idEvento=6,procesado=0]
2019-05-09 20:07:47.432 DEBUG EventoDAOImpl.findResultadoFinal:328 - Id = 6
2019-05-09 20:07:47.432 DEBUG EventoDAOImpl.findResultadoFinal:328 - Id = 6
2019-05-09 20:07:47.438 DEBUG LineaApuestaDAOImpl.update:108 - LineaApuesta = com.pvv.pulbet.model.LineaApuesta@1eb3d403[numLinea=1,idApuesta=19,idResultado=2,idEvento=6,procesado=1]
2019-05-09 20:07:47.438 DEBUG LineaApuestaDAOImpl.update:108 - LineaApuesta = com.pvv.pulbet.model.LineaApuesta@1eb3d403[numLinea=1,idApuesta=19,idResultado=2,idEvento=6,procesado=1]
2019-05-09 20:07:47.513 DEBUG ApuestaDAOImpl.updateEstado:541 - Apuesta = com.pvv.pulbet.model.Apuesta@39758d6[idApuesta=19,importe=1.0,idUsuario=2,fecha=2019-05-08 21:33:41.0,ganancias=2.0,procesado=1,lineas=[com.pvv.pulbet.model.LineaApuesta@1eb3d403[numLinea=1,idApuesta=19,idResultado=2,idEvento=6,procesado=1]]] 
2019-05-09 20:07:47.513 DEBUG ApuestaDAOImpl.updateEstado:541 - Apuesta = com.pvv.pulbet.model.Apuesta@39758d6[idApuesta=19,importe=1.0,idUsuario=2,fecha=2019-05-08 21:33:41.0,ganancias=2.0,procesado=1,lineas=[com.pvv.pulbet.model.LineaApuesta@1eb3d403[numLinea=1,idApuesta=19,idResultado=2,idEvento=6,procesado=1]]] 
2019-05-09 20:07:47.527 DEBUG UsuarioServiceImpl.findById:48 - Id = 2
2019-05-09 20:07:47.527 DEBUG UsuarioServiceImpl.findById:48 - Id = 2
2019-05-09 20:07:47.533 DEBUG UsuarioDAOImpl.findById:47 - Id = 2
2019-05-09 20:07:47.533 DEBUG UsuarioDAOImpl.findById:47 - Id = 2
2019-05-09 20:07:47.540 DEBUG DireccionDAOImpl.findByUsuario:31 - Id = 2
2019-05-09 20:07:47.540 DEBUG DireccionDAOImpl.findByUsuario:31 - Id = 2
2019-05-09 20:07:47.544 DEBUG UsuarioServiceImpl.update:168 - Usuario: id:2, nome:null, email:null, apelidos:null null, banco:23.0, dni:null, fecha:null, nomeUsuario:null, passwordtrue, direccionnull
2019-05-09 20:07:47.544 DEBUG UsuarioServiceImpl.update:168 - Usuario: id:2, nome:null, email:null, apelidos:null null, banco:23.0, dni:null, fecha:null, nomeUsuario:null, passwordtrue, direccionnull
2019-05-09 20:07:47.548 DEBUG UsuarioDAOImpl.update:285 - Usuario: id:2, nome:null, email:null, apelidos:null null, banco:23.0, dni:null, fecha:null, nomeUsuario:null, passwordtrue, direccionnull
2019-05-09 20:07:47.548 DEBUG UsuarioDAOImpl.update:285 - Usuario: id:2, nome:null, email:null, apelidos:null null, banco:23.0, dni:null, fecha:null, nomeUsuario:null, passwordtrue, direccionnull
2019-05-09 20:07:47.639 DEBUG MailServiceImpl.sendMail:19 - Enviando mensaje a pulbetsoporte@gmail.com
2019-05-09 20:07:47.639 DEBUG MailServiceImpl.sendMail:19 - Enviando mensaje a pulbetsoporte@gmail.com
2019-05-09 20:07:49.501 DEBUG ApuestaServiceImpl.comprobarApuesta:147 - ApuestaCriteria = com.pvv.pulbet.model.Apuesta@23981537[idApuesta=20,importe=1.0,idUsuario=2,fecha=2019-05-08 21:33:43.0,ganancias=2.0,procesado=0,lineas=[com.pvv.pulbet.model.LineaApuesta@19a03a50[numLinea=1,idApuesta=20,idResultado=2,idEvento=6,procesado=0]]]
2019-05-09 20:07:49.501 DEBUG ApuestaServiceImpl.comprobarApuesta:147 - ApuestaCriteria = com.pvv.pulbet.model.Apuesta@23981537[idApuesta=20,importe=1.0,idUsuario=2,fecha=2019-05-08 21:33:43.0,ganancias=2.0,procesado=0,lineas=[com.pvv.pulbet.model.LineaApuesta@19a03a50[numLinea=1,idApuesta=20,idResultado=2,idEvento=6,procesado=0]]]
2019-05-09 20:07:49.506 DEBUG LineaApuestaServiceImpl.comprobarLinea:39 - LineaApuesta = com.pvv.pulbet.model.LineaApuesta@19a03a50[numLinea=1,idApuesta=20,idResultado=2,idEvento=6,procesado=0]
2019-05-09 20:07:49.506 DEBUG LineaApuestaServiceImpl.comprobarLinea:39 - LineaApuesta = com.pvv.pulbet.model.LineaApuesta@19a03a50[numLinea=1,idApuesta=20,idResultado=2,idEvento=6,procesado=0]
2019-05-09 20:07:49.525 DEBUG EventoDAOImpl.findResultadoFinal:328 - Id = 6
2019-05-09 20:07:49.525 DEBUG EventoDAOImpl.findResultadoFinal:328 - Id = 6
2019-05-09 20:07:49.542 DEBUG LineaApuestaDAOImpl.update:108 - LineaApuesta = com.pvv.pulbet.model.LineaApuesta@19a03a50[numLinea=1,idApuesta=20,idResultado=2,idEvento=6,procesado=1]
2019-05-09 20:07:49.542 DEBUG LineaApuestaDAOImpl.update:108 - LineaApuesta = com.pvv.pulbet.model.LineaApuesta@19a03a50[numLinea=1,idApuesta=20,idResultado=2,idEvento=6,procesado=1]
2019-05-09 20:07:49.736 DEBUG ApuestaDAOImpl.updateEstado:541 - Apuesta = com.pvv.pulbet.model.Apuesta@23981537[idApuesta=20,importe=1.0,idUsuario=2,fecha=2019-05-08 21:33:43.0,ganancias=2.0,procesado=1,lineas=[com.pvv.pulbet.model.LineaApuesta@19a03a50[numLinea=1,idApuesta=20,idResultado=2,idEvento=6,procesado=1]]] 
2019-05-09 20:07:49.736 DEBUG ApuestaDAOImpl.updateEstado:541 - Apuesta = com.pvv.pulbet.model.Apuesta@23981537[idApuesta=20,importe=1.0,idUsuario=2,fecha=2019-05-08 21:33:43.0,ganancias=2.0,procesado=1,lineas=[com.pvv.pulbet.model.LineaApuesta@19a03a50[numLinea=1,idApuesta=20,idResultado=2,idEvento=6,procesado=1]]] 
2019-05-09 20:07:49.742 DEBUG UsuarioServiceImpl.findById:48 - Id = 2
2019-05-09 20:07:49.742 DEBUG UsuarioServiceImpl.findById:48 - Id = 2
2019-05-09 20:07:49.743 DEBUG UsuarioDAOImpl.findById:47 - Id = 2
2019-05-09 20:07:49.743 DEBUG UsuarioDAOImpl.findById:47 - Id = 2
2019-05-09 20:07:49.747 DEBUG DireccionDAOImpl.findByUsuario:31 - Id = 2
2019-05-09 20:07:49.747 DEBUG DireccionDAOImpl.findByUsuario:31 - Id = 2
2019-05-09 20:07:49.751 DEBUG UsuarioServiceImpl.update:168 - Usuario: id:2, nome:null, email:null, apelidos:null null, banco:25.0, dni:null, fecha:null, nomeUsuario:null, passwordtrue, direccionnull
2019-05-09 20:07:49.751 DEBUG UsuarioServiceImpl.update:168 - Usuario: id:2, nome:null, email:null, apelidos:null null, banco:25.0, dni:null, fecha:null, nomeUsuario:null, passwordtrue, direccionnull
2019-05-09 20:07:49.756 DEBUG UsuarioDAOImpl.update:285 - Usuario: id:2, nome:null, email:null, apelidos:null null, banco:25.0, dni:null, fecha:null, nomeUsuario:null, passwordtrue, direccionnull
2019-05-09 20:07:49.756 DEBUG UsuarioDAOImpl.update:285 - Usuario: id:2, nome:null, email:null, apelidos:null null, banco:25.0, dni:null, fecha:null, nomeUsuario:null, passwordtrue, direccionnull
2019-05-09 20:07:49.867 DEBUG MailServiceImpl.sendMail:19 - Enviando mensaje a pulbetsoporte@gmail.com
2019-05-09 20:07:49.867 DEBUG MailServiceImpl.sendMail:19 - Enviando mensaje a pulbetsoporte@gmail.com
2019-05-09 20:07:51.868 DEBUG ApuestaServiceImpl.comprobarApuesta:147 - ApuestaCriteria = com.pvv.pulbet.model.Apuesta@6fd357f0[idApuesta=21,importe=1.0,idUsuario=2,fecha=2019-05-09 20:07:07.0,ganancias=1.85,procesado=0,lineas=[com.pvv.pulbet.model.LineaApuesta@584abfb5[numLinea=1,idApuesta=21,idResultado=11,idEvento=6,procesado=0]]]
2019-05-09 20:07:51.868 DEBUG ApuestaServiceImpl.comprobarApuesta:147 - ApuestaCriteria = com.pvv.pulbet.model.Apuesta@6fd357f0[idApuesta=21,importe=1.0,idUsuario=2,fecha=2019-05-09 20:07:07.0,ganancias=1.85,procesado=0,lineas=[com.pvv.pulbet.model.LineaApuesta@584abfb5[numLinea=1,idApuesta=21,idResultado=11,idEvento=6,procesado=0]]]
2019-05-09 20:07:51.871 DEBUG LineaApuestaServiceImpl.comprobarLinea:39 - LineaApuesta = com.pvv.pulbet.model.LineaApuesta@584abfb5[numLinea=1,idApuesta=21,idResultado=11,idEvento=6,procesado=0]
2019-05-09 20:07:51.871 DEBUG LineaApuestaServiceImpl.comprobarLinea:39 - LineaApuesta = com.pvv.pulbet.model.LineaApuesta@584abfb5[numLinea=1,idApuesta=21,idResultado=11,idEvento=6,procesado=0]
2019-05-09 20:07:51.874 DEBUG EventoDAOImpl.findResultadoFinal:328 - Id = 6
2019-05-09 20:07:51.874 DEBUG EventoDAOImpl.findResultadoFinal:328 - Id = 6
2019-05-09 20:07:51.878 DEBUG LineaApuestaDAOImpl.update:108 - LineaApuesta = com.pvv.pulbet.model.LineaApuesta@584abfb5[numLinea=1,idApuesta=21,idResultado=11,idEvento=6,procesado=1]
2019-05-09 20:07:51.878 DEBUG LineaApuestaDAOImpl.update:108 - LineaApuesta = com.pvv.pulbet.model.LineaApuesta@584abfb5[numLinea=1,idApuesta=21,idResultado=11,idEvento=6,procesado=1]
2019-05-09 20:07:51.997 DEBUG ApuestaDAOImpl.updateEstado:541 - Apuesta = com.pvv.pulbet.model.Apuesta@6fd357f0[idApuesta=21,importe=1.0,idUsuario=2,fecha=2019-05-09 20:07:07.0,ganancias=1.85,procesado=1,lineas=[com.pvv.pulbet.model.LineaApuesta@584abfb5[numLinea=1,idApuesta=21,idResultado=11,idEvento=6,procesado=1]]] 
2019-05-09 20:07:51.997 DEBUG ApuestaDAOImpl.updateEstado:541 - Apuesta = com.pvv.pulbet.model.Apuesta@6fd357f0[idApuesta=21,importe=1.0,idUsuario=2,fecha=2019-05-09 20:07:07.0,ganancias=1.85,procesado=1,lineas=[com.pvv.pulbet.model.LineaApuesta@584abfb5[numLinea=1,idApuesta=21,idResultado=11,idEvento=6,procesado=1]]] 
2019-05-09 20:07:52.001 DEBUG UsuarioServiceImpl.findById:48 - Id = 2
2019-05-09 20:07:52.001 DEBUG UsuarioServiceImpl.findById:48 - Id = 2
2019-05-09 20:07:52.005 DEBUG UsuarioDAOImpl.findById:47 - Id = 2
2019-05-09 20:07:52.005 DEBUG UsuarioDAOImpl.findById:47 - Id = 2
2019-05-09 20:07:52.011 DEBUG DireccionDAOImpl.findByUsuario:31 - Id = 2
2019-05-09 20:07:52.011 DEBUG DireccionDAOImpl.findByUsuario:31 - Id = 2
2019-05-09 20:07:52.020 DEBUG UsuarioServiceImpl.update:168 - Usuario: id:2, nome:null, email:null, apelidos:null null, banco:25.85, dni:null, fecha:null, nomeUsuario:null, passwordtrue, direccionnull
2019-05-09 20:07:52.020 DEBUG UsuarioServiceImpl.update:168 - Usuario: id:2, nome:null, email:null, apelidos:null null, banco:25.85, dni:null, fecha:null, nomeUsuario:null, passwordtrue, direccionnull
2019-05-09 20:07:52.024 DEBUG UsuarioDAOImpl.update:285 - Usuario: id:2, nome:null, email:null, apelidos:null null, banco:25.85, dni:null, fecha:null, nomeUsuario:null, passwordtrue, direccionnull
2019-05-09 20:07:52.024 DEBUG UsuarioDAOImpl.update:285 - Usuario: id:2, nome:null, email:null, apelidos:null null, banco:25.85, dni:null, fecha:null, nomeUsuario:null, passwordtrue, direccionnull
2019-05-09 20:07:52.138 DEBUG MailServiceImpl.sendMail:19 - Enviando mensaje a pulbetsoporte@gmail.com
2019-05-09 20:07:52.138 DEBUG MailServiceImpl.sendMail:19 - Enviando mensaje a pulbetsoporte@gmail.com
2019-05-09 20:08:00.304 DEBUG LineaApuestaDAOImpl.findByApuesta:239 - Id = 13
2019-05-09 20:08:00.304 DEBUG LineaApuestaDAOImpl.findByApuesta:239 - Id = 13
2019-05-09 20:08:00.310 DEBUG LineaApuestaDAOImpl.findByApuesta:239 - Id = 14
2019-05-09 20:08:00.310 DEBUG LineaApuestaDAOImpl.findByApuesta:239 - Id = 14
2019-05-09 20:08:00.314 DEBUG LineaApuestaDAOImpl.findByApuesta:239 - Id = 15
2019-05-09 20:08:00.314 DEBUG LineaApuestaDAOImpl.findByApuesta:239 - Id = 15
2019-05-09 20:08:00.318 DEBUG LineaApuestaDAOImpl.findByApuesta:239 - Id = 16
2019-05-09 20:08:00.318 DEBUG LineaApuestaDAOImpl.findByApuesta:239 - Id = 16
2019-05-09 20:08:00.321 DEBUG LineaApuestaDAOImpl.findByApuesta:239 - Id = 17
2019-05-09 20:08:00.321 DEBUG LineaApuestaDAOImpl.findByApuesta:239 - Id = 17
2019-05-09 20:08:00.325 DEBUG LineaApuestaDAOImpl.findByApuesta:239 - Id = 18
2019-05-09 20:08:00.325 DEBUG LineaApuestaDAOImpl.findByApuesta:239 - Id = 18
2019-05-09 20:08:00.329 DEBUG LineaApuestaDAOImpl.findByApuesta:239 - Id = 19
2019-05-09 20:08:00.329 DEBUG LineaApuestaDAOImpl.findByApuesta:239 - Id = 19
2019-05-09 20:08:00.333 DEBUG LineaApuestaDAOImpl.findByApuesta:239 - Id = 20
2019-05-09 20:08:00.333 DEBUG LineaApuestaDAOImpl.findByApuesta:239 - Id = 20
2019-05-09 20:08:00.337 DEBUG LineaApuestaDAOImpl.findByApuesta:239 - Id = 21
2019-05-09 20:08:00.337 DEBUG LineaApuestaDAOImpl.findByApuesta:239 - Id = 21
2019-05-09 20:08:00.341 DEBUG LineaApuestaDAOImpl.findByApuesta:239 - Id = 22
2019-05-09 20:08:00.341 DEBUG LineaApuestaDAOImpl.findByApuesta:239 - Id = 22
2019-05-09 20:08:00.346 DEBUG ApuestaServiceImpl.comprobarApuesta:147 - ApuestaCriteria = com.pvv.pulbet.model.Apuesta@69433713[idApuesta=22,importe=1.0,idUsuario=2,fecha=2019-05-09 20:07:51.0,ganancias=1.3,procesado=0,lineas=[com.pvv.pulbet.model.LineaApuesta@7dc934c0[numLinea=1,idApuesta=22,idResultado=9,idEvento=6,procesado=0]]]
2019-05-09 20:08:00.346 DEBUG ApuestaServiceImpl.comprobarApuesta:147 - ApuestaCriteria = com.pvv.pulbet.model.Apuesta@69433713[idApuesta=22,importe=1.0,idUsuario=2,fecha=2019-05-09 20:07:51.0,ganancias=1.3,procesado=0,lineas=[com.pvv.pulbet.model.LineaApuesta@7dc934c0[numLinea=1,idApuesta=22,idResultado=9,idEvento=6,procesado=0]]]
2019-05-09 20:08:00.352 DEBUG LineaApuestaServiceImpl.comprobarLinea:39 - LineaApuesta = com.pvv.pulbet.model.LineaApuesta@7dc934c0[numLinea=1,idApuesta=22,idResultado=9,idEvento=6,procesado=0]
2019-05-09 20:08:00.352 DEBUG LineaApuestaServiceImpl.comprobarLinea:39 - LineaApuesta = com.pvv.pulbet.model.LineaApuesta@7dc934c0[numLinea=1,idApuesta=22,idResultado=9,idEvento=6,procesado=0]
2019-05-09 20:08:00.357 DEBUG EventoDAOImpl.findResultadoFinal:328 - Id = 6
2019-05-09 20:08:00.357 DEBUG EventoDAOImpl.findResultadoFinal:328 - Id = 6
2019-05-09 20:08:00.363 DEBUG LineaApuestaDAOImpl.update:108 - LineaApuesta = com.pvv.pulbet.model.LineaApuesta@7dc934c0[numLinea=1,idApuesta=22,idResultado=9,idEvento=6,procesado=1]
2019-05-09 20:08:00.363 DEBUG LineaApuestaDAOImpl.update:108 - LineaApuesta = com.pvv.pulbet.model.LineaApuesta@7dc934c0[numLinea=1,idApuesta=22,idResultado=9,idEvento=6,procesado=1]
2019-05-09 20:08:00.754 DEBUG ApuestaDAOImpl.updateEstado:541 - Apuesta = com.pvv.pulbet.model.Apuesta@69433713[idApuesta=22,importe=1.0,idUsuario=2,fecha=2019-05-09 20:07:51.0,ganancias=1.3,procesado=1,lineas=[com.pvv.pulbet.model.LineaApuesta@7dc934c0[numLinea=1,idApuesta=22,idResultado=9,idEvento=6,procesado=1]]] 
2019-05-09 20:08:00.754 DEBUG ApuestaDAOImpl.updateEstado:541 - Apuesta = com.pvv.pulbet.model.Apuesta@69433713[idApuesta=22,importe=1.0,idUsuario=2,fecha=2019-05-09 20:07:51.0,ganancias=1.3,procesado=1,lineas=[com.pvv.pulbet.model.LineaApuesta@7dc934c0[numLinea=1,idApuesta=22,idResultado=9,idEvento=6,procesado=1]]] 
2019-05-09 20:08:00.807 DEBUG UsuarioServiceImpl.findById:48 - Id = 2
2019-05-09 20:08:00.807 DEBUG UsuarioServiceImpl.findById:48 - Id = 2
2019-05-09 20:08:00.814 DEBUG UsuarioDAOImpl.findById:47 - Id = 2
2019-05-09 20:08:00.814 DEBUG UsuarioDAOImpl.findById:47 - Id = 2
2019-05-09 20:08:00.817 DEBUG DireccionDAOImpl.findByUsuario:31 - Id = 2
2019-05-09 20:08:00.817 DEBUG DireccionDAOImpl.findByUsuario:31 - Id = 2
2019-05-09 20:08:00.819 DEBUG UsuarioServiceImpl.update:168 - Usuario: id:2, nome:null, email:null, apelidos:null null, banco:27.150000000000002, dni:null, fecha:null, nomeUsuario:null, passwordtrue, direccionnull
2019-05-09 20:08:00.819 DEBUG UsuarioServiceImpl.update:168 - Usuario: id:2, nome:null, email:null, apelidos:null null, banco:27.150000000000002, dni:null, fecha:null, nomeUsuario:null, passwordtrue, direccionnull
2019-05-09 20:08:00.821 DEBUG UsuarioDAOImpl.update:285 - Usuario: id:2, nome:null, email:null, apelidos:null null, banco:27.150000000000002, dni:null, fecha:null, nomeUsuario:null, passwordtrue, direccionnull
2019-05-09 20:08:00.821 DEBUG UsuarioDAOImpl.update:285 - Usuario: id:2, nome:null, email:null, apelidos:null null, banco:27.150000000000002, dni:null, fecha:null, nomeUsuario:null, passwordtrue, direccionnull
2019-05-09 20:08:00.930 DEBUG MailServiceImpl.sendMail:19 - Enviando mensaje a pulbetsoporte@gmail.com
2019-05-09 20:08:00.930 DEBUG MailServiceImpl.sendMail:19 - Enviando mensaje a pulbetsoporte@gmail.com
2019-05-09 20:08:30.308 DEBUG LineaApuestaDAOImpl.findByApuesta:239 - Id = 13
2019-05-09 20:08:30.308 DEBUG LineaApuestaDAOImpl.findByApuesta:239 - Id = 13
2019-05-09 20:08:30.315 DEBUG LineaApuestaDAOImpl.findByApuesta:239 - Id = 14
2019-05-09 20:08:30.315 DEBUG LineaApuestaDAOImpl.findByApuesta:239 - Id = 14
2019-05-09 20:08:30.319 DEBUG LineaApuestaDAOImpl.findByApuesta:239 - Id = 15
2019-05-09 20:08:30.319 DEBUG LineaApuestaDAOImpl.findByApuesta:239 - Id = 15
2019-05-09 20:08:30.323 DEBUG LineaApuestaDAOImpl.findByApuesta:239 - Id = 16
2019-05-09 20:08:30.323 DEBUG LineaApuestaDAOImpl.findByApuesta:239 - Id = 16
2019-05-09 20:08:30.327 DEBUG LineaApuestaDAOImpl.findByApuesta:239 - Id = 17
2019-05-09 20:08:30.327 DEBUG LineaApuestaDAOImpl.findByApuesta:239 - Id = 17
2019-05-09 20:08:30.331 DEBUG LineaApuestaDAOImpl.findByApuesta:239 - Id = 18
2019-05-09 20:08:30.331 DEBUG LineaApuestaDAOImpl.findByApuesta:239 - Id = 18
2019-05-09 20:08:30.335 DEBUG LineaApuestaDAOImpl.findByApuesta:239 - Id = 19
2019-05-09 20:08:30.335 DEBUG LineaApuestaDAOImpl.findByApuesta:239 - Id = 19
2019-05-09 20:08:30.339 DEBUG LineaApuestaDAOImpl.findByApuesta:239 - Id = 20
2019-05-09 20:08:30.339 DEBUG LineaApuestaDAOImpl.findByApuesta:239 - Id = 20
2019-05-09 20:08:30.351 DEBUG LineaApuestaDAOImpl.findByApuesta:239 - Id = 21
2019-05-09 20:08:30.351 DEBUG LineaApuestaDAOImpl.findByApuesta:239 - Id = 21
2019-05-09 20:08:30.354 DEBUG LineaApuestaDAOImpl.findByApuesta:239 - Id = 22
2019-05-09 20:08:30.354 DEBUG LineaApuestaDAOImpl.findByApuesta:239 - Id = 22
2019-05-09 20:08:30.357 DEBUG LineaApuestaDAOImpl.findByApuesta:239 - Id = 23
2019-05-09 20:08:30.357 DEBUG LineaApuestaDAOImpl.findByApuesta:239 - Id = 23
2019-05-09 20:08:30.360 DEBUG LineaApuestaDAOImpl.findByApuesta:239 - Id = 24
2019-05-09 20:08:30.360 DEBUG LineaApuestaDAOImpl.findByApuesta:239 - Id = 24
2019-05-09 20:08:30.363 DEBUG ApuestaServiceImpl.comprobarApuesta:147 - ApuestaCriteria = com.pvv.pulbet.model.Apuesta@32cc3fde[idApuesta=23,importe=1.0,idUsuario=2,fecha=2019-05-09 20:08:02.0,ganancias=1.85,procesado=0,lineas=[com.pvv.pulbet.model.LineaApuesta@475b0503[numLinea=1,idApuesta=23,idResultado=11,idEvento=7,procesado=0]]]
2019-05-09 20:08:30.363 DEBUG ApuestaServiceImpl.comprobarApuesta:147 - ApuestaCriteria = com.pvv.pulbet.model.Apuesta@32cc3fde[idApuesta=23,importe=1.0,idUsuario=2,fecha=2019-05-09 20:08:02.0,ganancias=1.85,procesado=0,lineas=[com.pvv.pulbet.model.LineaApuesta@475b0503[numLinea=1,idApuesta=23,idResultado=11,idEvento=7,procesado=0]]]
2019-05-09 20:08:30.370 DEBUG LineaApuestaServiceImpl.comprobarLinea:39 - LineaApuesta = com.pvv.pulbet.model.LineaApuesta@475b0503[numLinea=1,idApuesta=23,idResultado=11,idEvento=7,procesado=0]
2019-05-09 20:08:30.370 DEBUG LineaApuestaServiceImpl.comprobarLinea:39 - LineaApuesta = com.pvv.pulbet.model.LineaApuesta@475b0503[numLinea=1,idApuesta=23,idResultado=11,idEvento=7,procesado=0]
2019-05-09 20:08:30.372 DEBUG EventoDAOImpl.findResultadoFinal:328 - Id = 7
2019-05-09 20:08:30.372 DEBUG EventoDAOImpl.findResultadoFinal:328 - Id = 7
2019-05-09 20:08:30.375 DEBUG LineaApuestaDAOImpl.update:108 - LineaApuesta = com.pvv.pulbet.model.LineaApuesta@475b0503[numLinea=1,idApuesta=23,idResultado=11,idEvento=7,procesado=2]
2019-05-09 20:08:30.375 DEBUG LineaApuestaDAOImpl.update:108 - LineaApuesta = com.pvv.pulbet.model.LineaApuesta@475b0503[numLinea=1,idApuesta=23,idResultado=11,idEvento=7,procesado=2]
2019-05-09 20:08:30.496 DEBUG ApuestaDAOImpl.updateEstado:541 - Apuesta = com.pvv.pulbet.model.Apuesta@32cc3fde[idApuesta=23,importe=1.0,idUsuario=2,fecha=2019-05-09 20:08:02.0,ganancias=1.85,procesado=2,lineas=[com.pvv.pulbet.model.LineaApuesta@475b0503[numLinea=1,idApuesta=23,idResultado=11,idEvento=7,procesado=2]]] 
2019-05-09 20:08:30.496 DEBUG ApuestaDAOImpl.updateEstado:541 - Apuesta = com.pvv.pulbet.model.Apuesta@32cc3fde[idApuesta=23,importe=1.0,idUsuario=2,fecha=2019-05-09 20:08:02.0,ganancias=1.85,procesado=2,lineas=[com.pvv.pulbet.model.LineaApuesta@475b0503[numLinea=1,idApuesta=23,idResultado=11,idEvento=7,procesado=2]]] 
2019-05-09 20:08:30.572 DEBUG ApuestaServiceImpl.comprobarApuesta:147 - ApuestaCriteria = com.pvv.pulbet.model.Apuesta@6baf6d03[idApuesta=24,importe=1.0,idUsuario=2,fecha=2019-05-09 20:08:16.0,ganancias=1.85,procesado=0,lineas=[com.pvv.pulbet.model.LineaApuesta@4cd1e3ca[numLinea=1,idApuesta=24,idResultado=17,idEvento=8,procesado=0]]]
2019-05-09 20:08:30.572 DEBUG ApuestaServiceImpl.comprobarApuesta:147 - ApuestaCriteria = com.pvv.pulbet.model.Apuesta@6baf6d03[idApuesta=24,importe=1.0,idUsuario=2,fecha=2019-05-09 20:08:16.0,ganancias=1.85,procesado=0,lineas=[com.pvv.pulbet.model.LineaApuesta@4cd1e3ca[numLinea=1,idApuesta=24,idResultado=17,idEvento=8,procesado=0]]]
2019-05-09 20:08:30.577 DEBUG LineaApuestaServiceImpl.comprobarLinea:39 - LineaApuesta = com.pvv.pulbet.model.LineaApuesta@4cd1e3ca[numLinea=1,idApuesta=24,idResultado=17,idEvento=8,procesado=0]
2019-05-09 20:08:30.577 DEBUG LineaApuestaServiceImpl.comprobarLinea:39 - LineaApuesta = com.pvv.pulbet.model.LineaApuesta@4cd1e3ca[numLinea=1,idApuesta=24,idResultado=17,idEvento=8,procesado=0]
2019-05-09 20:08:30.579 DEBUG EventoDAOImpl.findResultadoFinal:328 - Id = 8
2019-05-09 20:08:30.579 DEBUG EventoDAOImpl.findResultadoFinal:328 - Id = 8
2019-05-09 20:08:30.581 DEBUG LineaApuestaDAOImpl.update:108 - LineaApuesta = com.pvv.pulbet.model.LineaApuesta@4cd1e3ca[numLinea=1,idApuesta=24,idResultado=17,idEvento=8,procesado=1]
2019-05-09 20:08:30.581 DEBUG LineaApuestaDAOImpl.update:108 - LineaApuesta = com.pvv.pulbet.model.LineaApuesta@4cd1e3ca[numLinea=1,idApuesta=24,idResultado=17,idEvento=8,procesado=1]
2019-05-09 20:08:30.653 DEBUG ApuestaDAOImpl.updateEstado:541 - Apuesta = com.pvv.pulbet.model.Apuesta@6baf6d03[idApuesta=24,importe=1.0,idUsuario=2,fecha=2019-05-09 20:08:16.0,ganancias=1.85,procesado=1,lineas=[com.pvv.pulbet.model.LineaApuesta@4cd1e3ca[numLinea=1,idApuesta=24,idResultado=17,idEvento=8,procesado=1]]] 
2019-05-09 20:08:30.653 DEBUG ApuestaDAOImpl.updateEstado:541 - Apuesta = com.pvv.pulbet.model.Apuesta@6baf6d03[idApuesta=24,importe=1.0,idUsuario=2,fecha=2019-05-09 20:08:16.0,ganancias=1.85,procesado=1,lineas=[com.pvv.pulbet.model.LineaApuesta@4cd1e3ca[numLinea=1,idApuesta=24,idResultado=17,idEvento=8,procesado=1]]] 
2019-05-09 20:08:30.693 DEBUG UsuarioServiceImpl.findById:48 - Id = 2
2019-05-09 20:08:30.693 DEBUG UsuarioServiceImpl.findById:48 - Id = 2
2019-05-09 20:08:30.693 DEBUG UsuarioDAOImpl.findById:47 - Id = 2
2019-05-09 20:08:30.693 DEBUG UsuarioDAOImpl.findById:47 - Id = 2
2019-05-09 20:08:30.696 DEBUG DireccionDAOImpl.findByUsuario:31 - Id = 2
2019-05-09 20:08:30.696 DEBUG DireccionDAOImpl.findByUsuario:31 - Id = 2
2019-05-09 20:08:30.698 DEBUG UsuarioServiceImpl.update:168 - Usuario: id:2, nome:null, email:null, apelidos:null null, banco:27.0, dni:null, fecha:null, nomeUsuario:null, passwordtrue, direccionnull
2019-05-09 20:08:30.698 DEBUG UsuarioServiceImpl.update:168 - Usuario: id:2, nome:null, email:null, apelidos:null null, banco:27.0, dni:null, fecha:null, nomeUsuario:null, passwordtrue, direccionnull
2019-05-09 20:08:30.700 DEBUG UsuarioDAOImpl.update:285 - Usuario: id:2, nome:null, email:null, apelidos:null null, banco:27.0, dni:null, fecha:null, nomeUsuario:null, passwordtrue, direccionnull
2019-05-09 20:08:30.700 DEBUG UsuarioDAOImpl.update:285 - Usuario: id:2, nome:null, email:null, apelidos:null null, banco:27.0, dni:null, fecha:null, nomeUsuario:null, passwordtrue, direccionnull
2019-05-09 20:08:30.793 DEBUG MailServiceImpl.sendMail:19 - Enviando mensaje a pulbetsoporte@gmail.com
2019-05-09 20:08:30.793 DEBUG MailServiceImpl.sendMail:19 - Enviando mensaje a pulbetsoporte@gmail.com
2019-05-09 20:09:00.306 DEBUG LineaApuestaDAOImpl.findByApuesta:239 - Id = 13
2019-05-09 20:09:00.306 DEBUG LineaApuestaDAOImpl.findByApuesta:239 - Id = 13
2019-05-09 20:09:00.311 DEBUG LineaApuestaDAOImpl.findByApuesta:239 - Id = 14
2019-05-09 20:09:00.311 DEBUG LineaApuestaDAOImpl.findByApuesta:239 - Id = 14
2019-05-09 20:09:00.316 DEBUG LineaApuestaDAOImpl.findByApuesta:239 - Id = 15
2019-05-09 20:09:00.316 DEBUG LineaApuestaDAOImpl.findByApuesta:239 - Id = 15
2019-05-09 20:09:00.320 DEBUG LineaApuestaDAOImpl.findByApuesta:239 - Id = 16
2019-05-09 20:09:00.320 DEBUG LineaApuestaDAOImpl.findByApuesta:239 - Id = 16
2019-05-09 20:09:00.324 DEBUG LineaApuestaDAOImpl.findByApuesta:239 - Id = 17
2019-05-09 20:09:00.324 DEBUG LineaApuestaDAOImpl.findByApuesta:239 - Id = 17
2019-05-09 20:09:00.327 DEBUG LineaApuestaDAOImpl.findByApuesta:239 - Id = 18
2019-05-09 20:09:00.327 DEBUG LineaApuestaDAOImpl.findByApuesta:239 - Id = 18
2019-05-09 20:09:00.331 DEBUG LineaApuestaDAOImpl.findByApuesta:239 - Id = 19
2019-05-09 20:09:00.331 DEBUG LineaApuestaDAOImpl.findByApuesta:239 - Id = 19
2019-05-09 20:09:00.335 DEBUG LineaApuestaDAOImpl.findByApuesta:239 - Id = 20
2019-05-09 20:09:00.335 DEBUG LineaApuestaDAOImpl.findByApuesta:239 - Id = 20
2019-05-09 20:09:00.339 DEBUG LineaApuestaDAOImpl.findByApuesta:239 - Id = 21
2019-05-09 20:09:00.339 DEBUG LineaApuestaDAOImpl.findByApuesta:239 - Id = 21
2019-05-09 20:09:00.347 DEBUG LineaApuestaDAOImpl.findByApuesta:239 - Id = 22
2019-05-09 20:09:00.347 DEBUG LineaApuestaDAOImpl.findByApuesta:239 - Id = 22
2019-05-09 20:09:00.351 DEBUG LineaApuestaDAOImpl.findByApuesta:239 - Id = 23
2019-05-09 20:09:00.351 DEBUG LineaApuestaDAOImpl.findByApuesta:239 - Id = 23
2019-05-09 20:09:00.355 DEBUG LineaApuestaDAOImpl.findByApuesta:239 - Id = 24
2019-05-09 20:09:00.355 DEBUG LineaApuestaDAOImpl.findByApuesta:239 - Id = 24
2019-05-09 20:09:30.307 DEBUG LineaApuestaDAOImpl.findByApuesta:239 - Id = 13
2019-05-09 20:09:30.307 DEBUG LineaApuestaDAOImpl.findByApuesta:239 - Id = 13
2019-05-09 20:09:30.312 DEBUG LineaApuestaDAOImpl.findByApuesta:239 - Id = 14
2019-05-09 20:09:30.312 DEBUG LineaApuestaDAOImpl.findByApuesta:239 - Id = 14
2019-05-09 20:09:30.317 DEBUG LineaApuestaDAOImpl.findByApuesta:239 - Id = 15
2019-05-09 20:09:30.317 DEBUG LineaApuestaDAOImpl.findByApuesta:239 - Id = 15
2019-05-09 20:09:30.326 DEBUG LineaApuestaDAOImpl.findByApuesta:239 - Id = 16
2019-05-09 20:09:30.326 DEBUG LineaApuestaDAOImpl.findByApuesta:239 - Id = 16
2019-05-09 20:09:30.329 DEBUG LineaApuestaDAOImpl.findByApuesta:239 - Id = 17
2019-05-09 20:09:30.329 DEBUG LineaApuestaDAOImpl.findByApuesta:239 - Id = 17
2019-05-09 20:09:30.333 DEBUG LineaApuestaDAOImpl.findByApuesta:239 - Id = 18
2019-05-09 20:09:30.333 DEBUG LineaApuestaDAOImpl.findByApuesta:239 - Id = 18
2019-05-09 20:09:30.337 DEBUG LineaApuestaDAOImpl.findByApuesta:239 - Id = 19
2019-05-09 20:09:30.337 DEBUG LineaApuestaDAOImpl.findByApuesta:239 - Id = 19
2019-05-09 20:09:30.340 DEBUG LineaApuestaDAOImpl.findByApuesta:239 - Id = 20
2019-05-09 20:09:30.340 DEBUG LineaApuestaDAOImpl.findByApuesta:239 - Id = 20
2019-05-09 20:09:30.344 DEBUG LineaApuestaDAOImpl.findByApuesta:239 - Id = 21
2019-05-09 20:09:30.344 DEBUG LineaApuestaDAOImpl.findByApuesta:239 - Id = 21
2019-05-09 20:09:30.351 DEBUG LineaApuestaDAOImpl.findByApuesta:239 - Id = 22
2019-05-09 20:09:30.351 DEBUG LineaApuestaDAOImpl.findByApuesta:239 - Id = 22
2019-05-09 20:09:30.360 DEBUG LineaApuestaDAOImpl.findByApuesta:239 - Id = 23
2019-05-09 20:09:30.360 DEBUG LineaApuestaDAOImpl.findByApuesta:239 - Id = 23
2019-05-09 20:09:30.366 DEBUG LineaApuestaDAOImpl.findByApuesta:239 - Id = 24
2019-05-09 20:09:30.366 DEBUG LineaApuestaDAOImpl.findByApuesta:239 - Id = 24
2019-05-09 20:10:00.306 DEBUG LineaApuestaDAOImpl.findByApuesta:239 - Id = 13
2019-05-09 20:10:00.306 DEBUG LineaApuestaDAOImpl.findByApuesta:239 - Id = 13
2019-05-09 20:10:00.311 DEBUG LineaApuestaDAOImpl.findByApuesta:239 - Id = 14
2019-05-09 20:10:00.311 DEBUG LineaApuestaDAOImpl.findByApuesta:239 - Id = 14
2019-05-09 20:10:00.315 DEBUG LineaApuestaDAOImpl.findByApuesta:239 - Id = 15
2019-05-09 20:10:00.315 DEBUG LineaApuestaDAOImpl.findByApuesta:239 - Id = 15
2019-05-09 20:10:00.320 DEBUG LineaApuestaDAOImpl.findByApuesta:239 - Id = 16
2019-05-09 20:10:00.320 DEBUG LineaApuestaDAOImpl.findByApuesta:239 - Id = 16
2019-05-09 20:10:00.323 DEBUG LineaApuestaDAOImpl.findByApuesta:239 - Id = 17
2019-05-09 20:10:00.323 DEBUG LineaApuestaDAOImpl.findByApuesta:239 - Id = 17
2019-05-09 20:10:00.326 DEBUG LineaApuestaDAOImpl.findByApuesta:239 - Id = 18
2019-05-09 20:10:00.326 DEBUG LineaApuestaDAOImpl.findByApuesta:239 - Id = 18
2019-05-09 20:10:00.329 DEBUG LineaApuestaDAOImpl.findByApuesta:239 - Id = 19
2019-05-09 20:10:00.329 DEBUG LineaApuestaDAOImpl.findByApuesta:239 - Id = 19
2019-05-09 20:10:00.332 DEBUG LineaApuestaDAOImpl.findByApuesta:239 - Id = 20
2019-05-09 20:10:00.332 DEBUG LineaApuestaDAOImpl.findByApuesta:239 - Id = 20
2019-05-09 20:10:00.335 DEBUG LineaApuestaDAOImpl.findByApuesta:239 - Id = 21
2019-05-09 20:10:00.335 DEBUG LineaApuestaDAOImpl.findByApuesta:239 - Id = 21
2019-05-09 20:10:00.338 DEBUG LineaApuestaDAOImpl.findByApuesta:239 - Id = 22
2019-05-09 20:10:00.338 DEBUG LineaApuestaDAOImpl.findByApuesta:239 - Id = 22
2019-05-09 20:10:00.341 DEBUG LineaApuestaDAOImpl.findByApuesta:239 - Id = 23
2019-05-09 20:10:00.341 DEBUG LineaApuestaDAOImpl.findByApuesta:239 - Id = 23
2019-05-09 20:10:00.344 DEBUG LineaApuestaDAOImpl.findByApuesta:239 - Id = 24
2019-05-09 20:10:00.344 DEBUG LineaApuestaDAOImpl.findByApuesta:239 - Id = 24
2019-05-09 20:10:30.312 DEBUG LineaApuestaDAOImpl.findByApuesta:239 - Id = 13
2019-05-09 20:10:30.312 DEBUG LineaApuestaDAOImpl.findByApuesta:239 - Id = 13
2019-05-09 20:10:30.317 DEBUG LineaApuestaDAOImpl.findByApuesta:239 - Id = 14
2019-05-09 20:10:30.317 DEBUG LineaApuestaDAOImpl.findByApuesta:239 - Id = 14
2019-05-09 20:10:30.321 DEBUG LineaApuestaDAOImpl.findByApuesta:239 - Id = 15
2019-05-09 20:10:30.321 DEBUG LineaApuestaDAOImpl.findByApuesta:239 - Id = 15
2019-05-09 20:10:30.324 DEBUG LineaApuestaDAOImpl.findByApuesta:239 - Id = 16
2019-05-09 20:10:30.324 DEBUG LineaApuestaDAOImpl.findByApuesta:239 - Id = 16
2019-05-09 20:10:30.327 DEBUG LineaApuestaDAOImpl.findByApuesta:239 - Id = 17
2019-05-09 20:10:30.327 DEBUG LineaApuestaDAOImpl.findByApuesta:239 - Id = 17
2019-05-09 20:10:30.330 DEBUG LineaApuestaDAOImpl.findByApuesta:239 - Id = 18
2019-05-09 20:10:30.330 DEBUG LineaApuestaDAOImpl.findByApuesta:239 - Id = 18
2019-05-09 20:10:30.333 DEBUG LineaApuestaDAOImpl.findByApuesta:239 - Id = 19
2019-05-09 20:10:30.333 DEBUG LineaApuestaDAOImpl.findByApuesta:239 - Id = 19
2019-05-09 20:10:30.337 DEBUG LineaApuestaDAOImpl.findByApuesta:239 - Id = 20
2019-05-09 20:10:30.337 DEBUG LineaApuestaDAOImpl.findByApuesta:239 - Id = 20
2019-05-09 20:10:30.341 DEBUG LineaApuestaDAOImpl.findByApuesta:239 - Id = 21
2019-05-09 20:10:30.341 DEBUG LineaApuestaDAOImpl.findByApuesta:239 - Id = 21
2019-05-09 20:10:30.345 DEBUG LineaApuestaDAOImpl.findByApuesta:239 - Id = 22
2019-05-09 20:10:30.345 DEBUG LineaApuestaDAOImpl.findByApuesta:239 - Id = 22
2019-05-09 20:10:30.430 DEBUG LineaApuestaDAOImpl.findByApuesta:239 - Id = 23
2019-05-09 20:10:30.430 DEBUG LineaApuestaDAOImpl.findByApuesta:239 - Id = 23
2019-05-09 20:10:30.435 DEBUG LineaApuestaDAOImpl.findByApuesta:239 - Id = 24
2019-05-09 20:10:30.435 DEBUG LineaApuestaDAOImpl.findByApuesta:239 - Id = 24
2019-05-09 20:11:00.307 DEBUG LineaApuestaDAOImpl.findByApuesta:239 - Id = 13
2019-05-09 20:11:00.307 DEBUG LineaApuestaDAOImpl.findByApuesta:239 - Id = 13
2019-05-09 20:11:00.311 DEBUG LineaApuestaDAOImpl.findByApuesta:239 - Id = 14
2019-05-09 20:11:00.311 DEBUG LineaApuestaDAOImpl.findByApuesta:239 - Id = 14
2019-05-09 20:11:00.314 DEBUG LineaApuestaDAOImpl.findByApuesta:239 - Id = 15
2019-05-09 20:11:00.314 DEBUG LineaApuestaDAOImpl.findByApuesta:239 - Id = 15
2019-05-09 20:11:00.317 DEBUG LineaApuestaDAOImpl.findByApuesta:239 - Id = 16
2019-05-09 20:11:00.317 DEBUG LineaApuestaDAOImpl.findByApuesta:239 - Id = 16
2019-05-09 20:11:00.324 DEBUG LineaApuestaDAOImpl.findByApuesta:239 - Id = 17
2019-05-09 20:11:00.324 DEBUG LineaApuestaDAOImpl.findByApuesta:239 - Id = 17
2019-05-09 20:11:00.329 DEBUG LineaApuestaDAOImpl.findByApuesta:239 - Id = 18
2019-05-09 20:11:00.329 DEBUG LineaApuestaDAOImpl.findByApuesta:239 - Id = 18
2019-05-09 20:11:00.333 DEBUG LineaApuestaDAOImpl.findByApuesta:239 - Id = 19
2019-05-09 20:11:00.333 DEBUG LineaApuestaDAOImpl.findByApuesta:239 - Id = 19
2019-05-09 20:11:00.337 DEBUG LineaApuestaDAOImpl.findByApuesta:239 - Id = 20
2019-05-09 20:11:00.337 DEBUG LineaApuestaDAOImpl.findByApuesta:239 - Id = 20
2019-05-09 20:11:00.340 DEBUG LineaApuestaDAOImpl.findByApuesta:239 - Id = 21
2019-05-09 20:11:00.340 DEBUG LineaApuestaDAOImpl.findByApuesta:239 - Id = 21
2019-05-09 20:11:00.343 DEBUG LineaApuestaDAOImpl.findByApuesta:239 - Id = 22
2019-05-09 20:11:00.343 DEBUG LineaApuestaDAOImpl.findByApuesta:239 - Id = 22
2019-05-09 20:11:00.346 DEBUG LineaApuestaDAOImpl.findByApuesta:239 - Id = 23
2019-05-09 20:11:00.346 DEBUG LineaApuestaDAOImpl.findByApuesta:239 - Id = 23
2019-05-09 20:11:00.350 DEBUG LineaApuestaDAOImpl.findByApuesta:239 - Id = 24
2019-05-09 20:11:00.350 DEBUG LineaApuestaDAOImpl.findByApuesta:239 - Id = 24
